[2018-07-16 10-11-55] Dibi\DriverException: Field 'title' doesn't have a default value #1364 in /var/www/html/vendor/dibi/dibi/src/Dibi/Drivers/MySqliDriver.php:176  @  http://localhost/api/upload-media  @@  exception--2018-07-16--10-11--e4000e0c37.html
[2018-07-16 10-12-00] Dibi\DriverException: Field 'title' doesn't have a default value #1364 in /var/www/html/vendor/dibi/dibi/src/Dibi/Drivers/MySqliDriver.php:176  @  http://localhost/api/upload-media  @@  exception--2018-07-16--10-11--e4000e0c37.html
[2018-07-16 10-12-05] Dibi\DriverException: Field 'title' doesn't have a default value #1364 in /var/www/html/vendor/dibi/dibi/src/Dibi/Drivers/MySqliDriver.php:176  @  http://localhost/api/upload-media  @@  exception--2018-07-16--10-11--e4000e0c37.html
[2018-07-16 10-12-11] Dibi\DriverException: Field 'title' doesn't have a default value #1364 in /var/www/html/vendor/dibi/dibi/src/Dibi/Drivers/MySqliDriver.php:176  @  http://localhost/api/upload-media  @@  exception--2018-07-16--10-11--e4000e0c37.html
[2018-07-16 12-03-15] Error: Call to a member function query() on null in /var/www/html/app/Model/Media.php:27  @  http://localhost/api/upload-media  @@  exception--2018-07-16--12-03--178cc96224.html
[2018-07-16 12-03-21] Error: Call to a member function query() on null in /var/www/html/app/Model/Media.php:27  @  http://localhost/api/upload-media  @@  exception--2018-07-16--12-03--178cc96224.html
[2018-07-16 12-03-26] Error: Call to a member function query() on null in /var/www/html/app/Model/Media.php:27  @  http://localhost/api/upload-media  @@  exception--2018-07-16--12-03--178cc96224.html
[2018-07-16 12-03-31] Error: Call to a member function query() on null in /var/www/html/app/Model/Media.php:27  @  http://localhost/api/upload-media  @@  exception--2018-07-16--12-03--178cc96224.html
[2018-07-16 12-05-22] Error: Call to a member function query() on null in /var/www/html/app/Model/Media.php:27  @  http://localhost/api/upload-media  @@  exception--2018-07-16--12-03--178cc96224.html
[2018-07-16 12-06-01] Error: Undefined class constant 'table' in /var/www/html/app/Model/Media.php:27  @  http://localhost/api/upload-media  @@  exception--2018-07-16--12-06--17ab0949bd.html
[2018-07-16 12-06-06] Error: Undefined class constant 'table' in /var/www/html/app/Model/Media.php:27  @  http://localhost/api/upload-media  @@  exception--2018-07-16--12-06--17ab0949bd.html
[2018-07-16 12-06-14] Error: Undefined class constant 'table' in /var/www/html/app/Model/Media.php:27  @  http://localhost/api/upload-media  @@  exception--2018-07-16--12-06--17ab0949bd.html
[2018-07-16 12-06-19] Error: Undefined class constant 'table' in /var/www/html/app/Model/Media.php:27  @  http://localhost/api/upload-media  @@  exception--2018-07-16--12-06--17ab0949bd.html
[2018-07-22 10-20-29] Error: Call to undefined method Api::connection() in /var/www/html/app/Api.php:32  @  http://localhost/api/upload-media  @@  exception--2018-07-22--10-20--d7f7d5738d.html
[2018-07-22 10-20-35] Error: Call to undefined method Api::connection() in /var/www/html/app/Api.php:32  @  http://localhost/api/upload-media  @@  exception--2018-07-22--10-20--d7f7d5738d.html
[2018-07-22 10-20-40] Error: Call to undefined method Api::connection() in /var/www/html/app/Api.php:32  @  http://localhost/api/upload-media  @@  exception--2018-07-22--10-20--d7f7d5738d.html
[2018-07-22 10-20-45] Error: Call to undefined method Api::connection() in /var/www/html/app/Api.php:32  @  http://localhost/api/upload-media  @@  exception--2018-07-22--10-20--d7f7d5738d.html
[2018-07-22 12-27-49] Dibi\Exception: Expected number, '' given. in /var/www/html/vendor/dibi/dibi/src/Dibi/Translator.php:365  @  http://localhost/api/upload-media  @@  exception--2018-07-22--12-27--4fa8492f7d.html
[2018-07-22 12-27-54] Dibi\Exception: Expected number, '' given. in /var/www/html/vendor/dibi/dibi/src/Dibi/Translator.php:365  @  http://localhost/api/upload-media  @@  exception--2018-07-22--12-27--4fa8492f7d.html
[2018-07-22 12-27-59] Dibi\Exception: Expected number, '' given. in /var/www/html/vendor/dibi/dibi/src/Dibi/Translator.php:365  @  http://localhost/api/upload-media  @@  exception--2018-07-22--12-27--4fa8492f7d.html
[2018-07-22 12-28-04] Dibi\Exception: Expected number, '' given. in /var/www/html/vendor/dibi/dibi/src/Dibi/Translator.php:365  @  http://localhost/api/upload-media  @@  exception--2018-07-22--12-27--4fa8492f7d.html
